<?xml version="1.0" encoding="UTF-8" ?>
<testsuite failures="1" time="18.437" errors="0" skipped="34" tests="35" name="TestSuite">
  <properties>
    <property name="java.runtime.name" value="Java(TM) SE Runtime Environment"/>
    <property name="sun.boot.library.path" value="C:\Program Files\Java\jdk1.7.0_09\jre\bin"/>
    <property name="java.vm.version" value="23.5-b02"/>
    <property name="java.vm.vendor" value="Oracle Corporation"/>
    <property name="java.vendor.url" value="http://java.oracle.com/"/>
    <property name="path.separator" value=";"/>
    <property name="java.vm.name" value="Java HotSpot(TM) 64-Bit Server VM"/>
    <property name="file.encoding.pkg" value="sun.io"/>
    <property name="user.script" value=""/>
    <property name="user.country" value="RU"/>
    <property name="sun.java.launcher" value="SUN_STANDARD"/>
    <property name="sun.os.patch.level" value="Service Pack 1"/>
    <property name="java.vm.specification.name" value="Java Virtual Machine Specification"/>
    <property name="user.dir" value="C:\AutoTests\Disinsector2"/>
    <property name="java.runtime.version" value="1.7.0_09-b05"/>
    <property name="java.awt.graphicsenv" value="sun.awt.Win32GraphicsEnvironment"/>
    <property name="basedir" value="C:\AutoTests\Disinsector2"/>
    <property name="java.endorsed.dirs" value="C:\Program Files\Java\jdk1.7.0_09\jre\lib\endorsed"/>
    <property name="os.arch" value="amd64"/>
    <property name="surefire.real.class.path" value="C:\AutoTests\Disinsector2\target\surefire\surefirebooter5347201105520526029.jar"/>
    <property name="java.io.tmpdir" value="C:\Users\agoley\AppData\Local\Temp\"/>
    <property name="line.separator" value="
"/>
    <property name="java.vm.specification.vendor" value="Oracle Corporation"/>
    <property name="user.variant" value=""/>
    <property name="os.name" value="Windows 7"/>
    <property name="sun.jnu.encoding" value="Cp1251"/>
    <property name="java.library.path" value="C:\Program Files\Java\jdk1.7.0_09\jre\bin;C:\Windows\Sun\Java\bin;C:\Windows\system32;C:\Windows;C:\Program Files\Java\jdk1.7.0_09\jre\bin;C:\Windows\system32;C:\Windows;C:\Windows\System32\Wbem;C:\Windows\System32\WindowsPowerShell\v1.0\;c:\Progra~1\apache-maven-3.0.4\bin;%M2%;c:\chromedriver_win_23.0.1240.0;c:\msysgit\msysgit\git;c:\Program Files\Java\jdk1.7.0_09\bin;."/>
    <property name="surefire.test.class.path" value="C:\AutoTests\Disinsector2\target\test-classes;C:\AutoTests\Disinsector2\target\classes;C:\Users\agoley\.m2\repository\org\seleniumhq\selenium\selenium-java\2.37.1\selenium-java-2.37.1.jar;C:\Users\agoley\.m2\repository\org\seleniumhq\selenium\selenium-android-driver\2.37.1\selenium-android-driver-2.37.1.jar;C:\Users\agoley\.m2\repository\org\seleniumhq\selenium\selenium-chrome-driver\2.37.1\selenium-chrome-driver-2.37.1.jar;C:\Users\agoley\.m2\repository\org\seleniumhq\selenium\selenium-htmlunit-driver\2.37.1\selenium-htmlunit-driver-2.37.1.jar;C:\Users\agoley\.m2\repository\net\sourceforge\htmlunit\htmlunit\2.13\htmlunit-2.13.jar;C:\Users\agoley\.m2\repository\xalan\xalan\2.7.1\xalan-2.7.1.jar;C:\Users\agoley\.m2\repository\xalan\serializer\2.7.1\serializer-2.7.1.jar;C:\Users\agoley\.m2\repository\commons-collections\commons-collections\3.2.1\commons-collections-3.2.1.jar;C:\Users\agoley\.m2\repository\org\apache\commons\commons-lang3\3.1\commons-lang3-3.1.jar;C:\Users\agoley\.m2\repository\org\apache\httpcomponents\httpmime\4.3.1\httpmime-4.3.1.jar;C:\Users\agoley\.m2\repository\net\sourceforge\htmlunit\htmlunit-core-js\2.13\htmlunit-core-js-2.13.jar;C:\Users\agoley\.m2\repository\xerces\xercesImpl\2.11.0\xercesImpl-2.11.0.jar;C:\Users\agoley\.m2\repository\xml-apis\xml-apis\1.4.01\xml-apis-1.4.01.jar;C:\Users\agoley\.m2\repository\net\sourceforge\nekohtml\nekohtml\1.9.19\nekohtml-1.9.19.jar;C:\Users\agoley\.m2\repository\net\sourceforge\cssparser\cssparser\0.9.11\cssparser-0.9.11.jar;C:\Users\agoley\.m2\repository\org\w3c\css\sac\1.3\sac-1.3.jar;C:\Users\agoley\.m2\repository\org\eclipse\jetty\jetty-websocket\8.1.12.v20130726\jetty-websocket-8.1.12.v20130726.jar;C:\Users\agoley\.m2\repository\org\eclipse\jetty\jetty-util\8.1.12.v20130726\jetty-util-8.1.12.v20130726.jar;C:\Users\agoley\.m2\repository\org\eclipse\jetty\jetty-io\8.1.12.v20130726\jetty-io-8.1.12.v20130726.jar;C:\Users\agoley\.m2\repository\org\eclipse\jetty\jetty-http\8.1.12.v20130726\jetty-http-8.1.12.v20130726.jar;C:\Users\agoley\.m2\repository\org\apache\httpcomponents\httpclient\4.3\httpclient-4.3.jar;C:\Users\agoley\.m2\repository\org\apache\httpcomponents\httpcore\4.3\httpcore-4.3.jar;C:\Users\agoley\.m2\repository\org\seleniumhq\selenium\selenium-ie-driver\2.37.1\selenium-ie-driver-2.37.1.jar;C:\Users\agoley\.m2\repository\net\java\dev\jna\jna\3.4.0\jna-3.4.0.jar;C:\Users\agoley\.m2\repository\net\java\dev\jna\platform\3.4.0\platform-3.4.0.jar;C:\Users\agoley\.m2\repository\org\seleniumhq\selenium\selenium-iphone-driver\2.37.1\selenium-iphone-driver-2.37.1.jar;C:\Users\agoley\.m2\repository\org\seleniumhq\selenium\selenium-safari-driver\2.37.1\selenium-safari-driver-2.37.1.jar;C:\Users\agoley\.m2\repository\org\webbitserver\webbit\0.4.14\webbit-0.4.14.jar;C:\Users\agoley\.m2\repository\io\netty\netty\3.5.2.Final\netty-3.5.2.Final.jar;C:\Users\agoley\.m2\repository\junit\junit\4.8.1\junit-4.8.1.jar;C:\Users\agoley\.m2\repository\org\testng\testng\6.8.5\testng-6.8.5.jar;C:\Users\agoley\.m2\repository\org\beanshell\bsh\2.0b4\bsh-2.0b4.jar;C:\Users\agoley\.m2\repository\com\beust\jcommander\1.27\jcommander-1.27.jar;C:\Users\agoley\.m2\repository\org\yaml\snakeyaml\1.6\snakeyaml-1.6.jar;C:\Users\agoley\.m2\repository\org\slf4j\slf4j-log4j12\1.6.1\slf4j-log4j12-1.6.1.jar;C:\Users\agoley\.m2\repository\log4j\log4j\1.2.16\log4j-1.2.16.jar;C:\Users\agoley\.m2\repository\org\slf4j\slf4j-api\1.6.1\slf4j-api-1.6.1.jar;C:\Users\agoley\.m2\repository\com\jcraft\jsch\0.1.38\jsch-0.1.38.jar;C:\Users\agoley\.m2\repository\org\springframework\spring\2.5.6\spring-2.5.6.jar;C:\Users\agoley\.m2\repository\commons-logging\commons-logging\1.1.1\commons-logging-1.1.1.jar;C:\Users\agoley\.m2\repository\mysql\mysql-connector-java\5.1.9\mysql-connector-java-5.1.9.jar;C:\Users\agoley\.m2\repository\org\json\json\20070829\json-20070829.jar;C:\Users\agoley\.m2\repository\org\seleniumhq\selenium\selenium-support\2.37.1\selenium-support-2.37.1.jar;C:\Users\agoley\.m2\repository\org\seleniumhq\selenium\selenium-api\2.37.1\selenium-api-2.37.1.jar;C:\Users\agoley\.m2\repository\com\google\guava\guava\15.0\guava-15.0.jar;C:\Users\agoley\.m2\repository\commons-httpclient\commons-httpclient\3.1\commons-httpclient-3.1.jar;C:\Users\agoley\.m2\repository\org\seleniumhq\selenium\selenium-firefox-driver\2.42.2\selenium-firefox-driver-2.42.2.jar;C:\Users\agoley\.m2\repository\org\seleniumhq\selenium\selenium-remote-driver\2.42.2\selenium-remote-driver-2.42.2.jar;C:\Users\agoley\.m2\repository\cglib\cglib-nodep\2.1_3\cglib-nodep-2.1_3.jar;C:\Users\agoley\.m2\repository\commons-io\commons-io\2.4\commons-io-2.4.jar;C:\Users\agoley\.m2\repository\org\apache\commons\commons-exec\1.1\commons-exec-1.1.jar;C:\Users\agoley\.m2\repository\commons-codec\commons-codec\1.2\commons-codec-1.2.jar;"/>
    <property name="java.specification.name" value="Java Platform API Specification"/>
    <property name="java.class.version" value="51.0"/>
    <property name="sun.management.compiler" value="HotSpot 64-Bit Tiered Compilers"/>
    <property name="os.version" value="6.1"/>
    <property name="user.home" value="C:\Users\agoley"/>
    <property name="user.timezone" value="Europe/Moscow"/>
    <property name="java.awt.printerjob" value="sun.awt.windows.WPrinterJob"/>
    <property name="java.specification.version" value="1.7"/>
    <property name="file.encoding" value="Cp1251"/>
    <property name="user.name" value="agoley"/>
    <property name="java.class.path" value="C:\AutoTests\Disinsector2\target\test-classes;C:\AutoTests\Disinsector2\target\classes;C:\Users\agoley\.m2\repository\org\seleniumhq\selenium\selenium-java\2.37.1\selenium-java-2.37.1.jar;C:\Users\agoley\.m2\repository\org\seleniumhq\selenium\selenium-android-driver\2.37.1\selenium-android-driver-2.37.1.jar;C:\Users\agoley\.m2\repository\org\seleniumhq\selenium\selenium-chrome-driver\2.37.1\selenium-chrome-driver-2.37.1.jar;C:\Users\agoley\.m2\repository\org\seleniumhq\selenium\selenium-htmlunit-driver\2.37.1\selenium-htmlunit-driver-2.37.1.jar;C:\Users\agoley\.m2\repository\net\sourceforge\htmlunit\htmlunit\2.13\htmlunit-2.13.jar;C:\Users\agoley\.m2\repository\xalan\xalan\2.7.1\xalan-2.7.1.jar;C:\Users\agoley\.m2\repository\xalan\serializer\2.7.1\serializer-2.7.1.jar;C:\Users\agoley\.m2\repository\commons-collections\commons-collections\3.2.1\commons-collections-3.2.1.jar;C:\Users\agoley\.m2\repository\org\apache\commons\commons-lang3\3.1\commons-lang3-3.1.jar;C:\Users\agoley\.m2\repository\org\apache\httpcomponents\httpmime\4.3.1\httpmime-4.3.1.jar;C:\Users\agoley\.m2\repository\net\sourceforge\htmlunit\htmlunit-core-js\2.13\htmlunit-core-js-2.13.jar;C:\Users\agoley\.m2\repository\xerces\xercesImpl\2.11.0\xercesImpl-2.11.0.jar;C:\Users\agoley\.m2\repository\xml-apis\xml-apis\1.4.01\xml-apis-1.4.01.jar;C:\Users\agoley\.m2\repository\net\sourceforge\nekohtml\nekohtml\1.9.19\nekohtml-1.9.19.jar;C:\Users\agoley\.m2\repository\net\sourceforge\cssparser\cssparser\0.9.11\cssparser-0.9.11.jar;C:\Users\agoley\.m2\repository\org\w3c\css\sac\1.3\sac-1.3.jar;C:\Users\agoley\.m2\repository\org\eclipse\jetty\jetty-websocket\8.1.12.v20130726\jetty-websocket-8.1.12.v20130726.jar;C:\Users\agoley\.m2\repository\org\eclipse\jetty\jetty-util\8.1.12.v20130726\jetty-util-8.1.12.v20130726.jar;C:\Users\agoley\.m2\repository\org\eclipse\jetty\jetty-io\8.1.12.v20130726\jetty-io-8.1.12.v20130726.jar;C:\Users\agoley\.m2\repository\org\eclipse\jetty\jetty-http\8.1.12.v20130726\jetty-http-8.1.12.v20130726.jar;C:\Users\agoley\.m2\repository\org\apache\httpcomponents\httpclient\4.3\httpclient-4.3.jar;C:\Users\agoley\.m2\repository\org\apache\httpcomponents\httpcore\4.3\httpcore-4.3.jar;C:\Users\agoley\.m2\repository\org\seleniumhq\selenium\selenium-ie-driver\2.37.1\selenium-ie-driver-2.37.1.jar;C:\Users\agoley\.m2\repository\net\java\dev\jna\jna\3.4.0\jna-3.4.0.jar;C:\Users\agoley\.m2\repository\net\java\dev\jna\platform\3.4.0\platform-3.4.0.jar;C:\Users\agoley\.m2\repository\org\seleniumhq\selenium\selenium-iphone-driver\2.37.1\selenium-iphone-driver-2.37.1.jar;C:\Users\agoley\.m2\repository\org\seleniumhq\selenium\selenium-safari-driver\2.37.1\selenium-safari-driver-2.37.1.jar;C:\Users\agoley\.m2\repository\org\webbitserver\webbit\0.4.14\webbit-0.4.14.jar;C:\Users\agoley\.m2\repository\io\netty\netty\3.5.2.Final\netty-3.5.2.Final.jar;C:\Users\agoley\.m2\repository\junit\junit\4.8.1\junit-4.8.1.jar;C:\Users\agoley\.m2\repository\org\testng\testng\6.8.5\testng-6.8.5.jar;C:\Users\agoley\.m2\repository\org\beanshell\bsh\2.0b4\bsh-2.0b4.jar;C:\Users\agoley\.m2\repository\com\beust\jcommander\1.27\jcommander-1.27.jar;C:\Users\agoley\.m2\repository\org\yaml\snakeyaml\1.6\snakeyaml-1.6.jar;C:\Users\agoley\.m2\repository\org\slf4j\slf4j-log4j12\1.6.1\slf4j-log4j12-1.6.1.jar;C:\Users\agoley\.m2\repository\log4j\log4j\1.2.16\log4j-1.2.16.jar;C:\Users\agoley\.m2\repository\org\slf4j\slf4j-api\1.6.1\slf4j-api-1.6.1.jar;C:\Users\agoley\.m2\repository\com\jcraft\jsch\0.1.38\jsch-0.1.38.jar;C:\Users\agoley\.m2\repository\org\springframework\spring\2.5.6\spring-2.5.6.jar;C:\Users\agoley\.m2\repository\commons-logging\commons-logging\1.1.1\commons-logging-1.1.1.jar;C:\Users\agoley\.m2\repository\mysql\mysql-connector-java\5.1.9\mysql-connector-java-5.1.9.jar;C:\Users\agoley\.m2\repository\org\json\json\20070829\json-20070829.jar;C:\Users\agoley\.m2\repository\org\seleniumhq\selenium\selenium-support\2.37.1\selenium-support-2.37.1.jar;C:\Users\agoley\.m2\repository\org\seleniumhq\selenium\selenium-api\2.37.1\selenium-api-2.37.1.jar;C:\Users\agoley\.m2\repository\com\google\guava\guava\15.0\guava-15.0.jar;C:\Users\agoley\.m2\repository\commons-httpclient\commons-httpclient\3.1\commons-httpclient-3.1.jar;C:\Users\agoley\.m2\repository\org\seleniumhq\selenium\selenium-firefox-driver\2.42.2\selenium-firefox-driver-2.42.2.jar;C:\Users\agoley\.m2\repository\org\seleniumhq\selenium\selenium-remote-driver\2.42.2\selenium-remote-driver-2.42.2.jar;C:\Users\agoley\.m2\repository\cglib\cglib-nodep\2.1_3\cglib-nodep-2.1_3.jar;C:\Users\agoley\.m2\repository\commons-io\commons-io\2.4\commons-io-2.4.jar;C:\Users\agoley\.m2\repository\org\apache\commons\commons-exec\1.1\commons-exec-1.1.jar;C:\Users\agoley\.m2\repository\commons-codec\commons-codec\1.2\commons-codec-1.2.jar;"/>
    <property name="java.vm.specification.version" value="1.7"/>
    <property name="sun.arch.data.model" value="64"/>
    <property name="java.home" value="C:\Program Files\Java\jdk1.7.0_09\jre"/>
    <property name="sun.java.command" value="C:\AutoTests\Disinsector2\target\surefire\surefirebooter5347201105520526029.jar C:\AutoTests\Disinsector2\target\surefire\surefire1283362299853601301tmp C:\AutoTests\Disinsector2\target\surefire\surefire2523352434641474460tmp"/>
    <property name="java.specification.vendor" value="Oracle Corporation"/>
    <property name="user.language" value="ru"/>
    <property name="awt.toolkit" value="sun.awt.windows.WToolkit"/>
    <property name="java.vm.info" value="mixed mode"/>
    <property name="java.version" value="1.7.0_09"/>
    <property name="java.ext.dirs" value="C:\Program Files\Java\jdk1.7.0_09\jre\lib\ext;C:\Windows\Sun\Java\lib\ext"/>
    <property name="sun.boot.class.path" value="C:\Program Files\Java\jdk1.7.0_09\jre\lib\resources.jar;C:\Program Files\Java\jdk1.7.0_09\jre\lib\rt.jar;C:\Program Files\Java\jdk1.7.0_09\jre\lib\sunrsasign.jar;C:\Program Files\Java\jdk1.7.0_09\jre\lib\jsse.jar;C:\Program Files\Java\jdk1.7.0_09\jre\lib\jce.jar;C:\Program Files\Java\jdk1.7.0_09\jre\lib\charsets.jar;C:\Program Files\Java\jdk1.7.0_09\jre\lib\jfr.jar;C:\Program Files\Java\jdk1.7.0_09\jre\classes"/>
    <property name="java.vendor" value="Oracle Corporation"/>
    <property name="localRepository" value="C:\Users\agoley\.m2\repository"/>
    <property name="file.separator" value="\"/>
    <property name="java.vendor.url.bug" value="http://bugreport.sun.com/bugreport/"/>
    <property name="sun.cpu.endian" value="little"/>
    <property name="sun.io.unicode.encoding" value="UnicodeLittle"/>
    <property name="sun.desktop" value="windows"/>
    <property name="sun.cpu.isalist" value="amd64"/>
  </properties>
  <testcase time="0" classname="ru.crystals.test2.SpiritRestrictionsToSAPTest" name="prepareTest">
    <failure message="unknown error: Error calling method on NPObject.
  (Session info: chrome=35.0.1916.153)
  (Driver info: chromedriver=2.10.267521,platform=Windows NT 6.1 SP1 x86_64) (WARNING: The server did not provide any stacktrace information)
Command duration or timeout: 15 milliseconds
Build info: version: &apos;2.37.1&apos;, revision: &apos;a7c61cbd68657e133ae96672cf995890bad2ee42&apos;, time: &apos;2013-10-21 09:08:07&apos;
System info: host: &apos;CS-PRG-WS171164&apos;, ip: &apos;172.16.2.93&apos;, os.name: &apos;Windows 7&apos;, os.arch: &apos;amd64&apos;, os.version: &apos;6.1&apos;, java.version: &apos;1.7.0_09&apos;
Session ID: 629d4e94bb67a1604ef1cb119ec319d6
Driver info: org.openqa.selenium.remote.RemoteWebDriver
Capabilities [{platform=XP, acceptSslCerts=true, javascriptEnabled=true, browserName=chrome, chrome={userDataDir=C:\Users\agoley\AppData\Local\Temp\scoped_dir432_19754}, rotatable=false, locationContextEnabled=true, version=35.0.1916.153, takesHeapSnapshot=true, cssSelectorsEnabled=true, databaseEnabled=false, handlesAlerts=true, browserConnectionEnabled=false, webStorageEnabled=true, nativeEvents=true, applicationCacheEnabled=false, takesScreenshot=true}]" type="org.openqa.selenium.WebDriverException">org.openqa.selenium.WebDriverException: unknown error: Error calling method on NPObject.
  (Session info: chrome=35.0.1916.153)
  (Driver info: chromedriver=2.10.267521,platform=Windows NT 6.1 SP1 x86_64) (WARNING: The server did not provide any stacktrace information)
Command duration or timeout: 15 milliseconds
Build info: version: &apos;2.37.1&apos;, revision: &apos;a7c61cbd68657e133ae96672cf995890bad2ee42&apos;, time: &apos;2013-10-21 09:08:07&apos;
System info: host: &apos;CS-PRG-WS171164&apos;, ip: &apos;172.16.2.93&apos;, os.name: &apos;Windows 7&apos;, os.arch: &apos;amd64&apos;, os.version: &apos;6.1&apos;, java.version: &apos;1.7.0_09&apos;
Session ID: 629d4e94bb67a1604ef1cb119ec319d6
Driver info: org.openqa.selenium.remote.RemoteWebDriver
Capabilities [{platform=XP, acceptSslCerts=true, javascriptEnabled=true, browserName=chrome, chrome={userDataDir=C:\Users\agoley\AppData\Local\Temp\scoped_dir432_19754}, rotatable=false, locationContextEnabled=true, version=35.0.1916.153, takesHeapSnapshot=true, cssSelectorsEnabled=true, databaseEnabled=false, handlesAlerts=true, browserConnectionEnabled=false, webStorageEnabled=true, nativeEvents=true, applicationCacheEnabled=false, takesScreenshot=true}]
	at sun.reflect.NativeConstructorAccessorImpl.newInstance0(Native Method)
	at sun.reflect.NativeConstructorAccessorImpl.newInstance(NativeConstructorAccessorImpl.java:57)
	at sun.reflect.DelegatingConstructorAccessorImpl.newInstance(DelegatingConstructorAccessorImpl.java:45)
	at java.lang.reflect.Constructor.newInstance(Constructor.java:525)
	at org.openqa.selenium.remote.ErrorHandler.createThrowable(ErrorHandler.java:204)
	at org.openqa.selenium.remote.ErrorHandler.throwIfResponseFailed(ErrorHandler.java:156)
	at org.openqa.selenium.remote.RemoteWebDriver.execute(RemoteWebDriver.java:599)
	at org.openqa.selenium.remote.RemoteWebDriver.executeScript(RemoteWebDriver.java:508)
	at ru.crystals.test2.utils.FlexMediator.ecxecute(FlexMediator.java:71)
	at ru.crystals.test2.utils.FlexMediator.doFlexProperty(FlexMediator.java:26)
	at ru.crystals.test2.sales.preferences.goodstypes.alcohol.AlcoholPage.selectAlcoholTab(AlcoholPage.java:25)
	at ru.crystals.test2.SpiritRestrictionsToSAPTest.prepareTest(SpiritRestrictionsToSAPTest.java:36)
</failure>
    <system-out>@HL
@HL-------------------------------------------------------
@HL T E S T S
@HL-------------------------------------------------------
@SLRunning TestSuite
@SLRunning TestSuite
[02/07/14 15:43:09:009 MSK] [main]  INFO utils.SoapRequestSender: TI = 1389144
[02/07/14 15:43:09:009 MSK] [main]  INFO config.Config: Base url:   http://172.16.2.110:8090
[02/07/14 15:43:09:009 MSK] [main]  INFO config.Config: Manager login:   manager
[02/07/14 15:43:09:009 MSK] [main]  INFO config.Config: Manager password:   password
[02/07/14 15:43:09:009 MSK] [main]  INFO config.Config: Centrum host:   172.16.2.110
</system-out>
    <system-err>log4j:WARN Continuable parsing error 26 and column 23
log4j:WARN The content of element type &quot;log4j:configuration&quot; must match &quot;(renderer*,throwableRenderer?,appender*,plugin*,(category|logger)*,root?,(categoryFactory|loggerFactory)?)&quot;.
</system-err>
  </testcase>
  <testcase time="0.007" classname="ru.crystals.test2.SpiritRestrictionsToSAPTest" name="printTestName">
    <skipped/>
  </testcase>
  <testcase time="0" classname="ru.crystals.test2.SpiritRestrictionsToSAPTest" name="test">
    <skipped/>
  </testcase>
  <testcase time="0" classname="ru.crystals.test2.SpiritRestrictionsToSAPTest" name="close">
    <skipped/>
  </testcase>
  <testcase time="0" classname="ru.crystals.test2.TableReportTest" name="setupWebDriver">
    <skipped/>
  </testcase>
  <testcase time="0.001" classname="ru.crystals.test2.TableReportTest" name="navigateToTableReports">
    <skipped/>
  </testcase>
  <testcase time="0.005" classname="ru.crystals.test2.TableReportTest" name="printTestName">
    <skipped/>
  </testcase>
  <testcase time="0" classname="ru.crystals.test2.TableReportTest" name="testAdverstingHTMLReportTableHead">
    <skipped/>
  </testcase>
  <testcase time="0" classname="ru.crystals.test2.TableReportTest" name="printTestName">
    <skipped/>
  </testcase>
  <testcase time="0" classname="ru.crystals.test2.TableReportTest" name="testAdverstingHTMLReportTableHead">
    <skipped/>
  </testcase>
  <testcase time="0.001" classname="ru.crystals.test2.TableReportTest" name="printTestName">
    <skipped/>
  </testcase>
  <testcase time="0" classname="ru.crystals.test2.TableReportTest" name="testAdverstingHTMLReportTableHead">
    <skipped/>
  </testcase>
  <testcase time="0" classname="ru.crystals.test2.TableReportTest" name="printTestName">
    <skipped/>
  </testcase>
  <testcase time="0" classname="ru.crystals.test2.TableReportTest" name="testAdverstingHTMLReportTableHead">
    <skipped/>
  </testcase>
  <testcase time="0.001" classname="ru.crystals.test2.TableReportTest" name="printTestName">
    <skipped/>
  </testcase>
  <testcase time="0" classname="ru.crystals.test2.TableReportTest" name="testAdverstingHTMLReportTableHead">
    <skipped/>
  </testcase>
  <testcase time="0" classname="ru.crystals.test2.TableReportTest" name="printTestName">
    <skipped/>
  </testcase>
  <testcase time="0" classname="ru.crystals.test2.TableReportTest" name="testAdverstingHTMLReportTableHead">
    <skipped/>
  </testcase>
  <testcase time="0.001" classname="ru.crystals.test2.TableReportTest" name="printTestName">
    <skipped/>
  </testcase>
  <testcase time="0" classname="ru.crystals.test2.TableReportTest" name="testAdverstingHTMLReportTableHead">
    <skipped/>
  </testcase>
  <testcase time="0" classname="ru.crystals.test2.TableReportTest" name="printTestName">
    <skipped/>
  </testcase>
  <testcase time="0" classname="ru.crystals.test2.TableReportTest" name="testAdverstingHTMLReportTableHead">
    <skipped/>
  </testcase>
  <testcase time="0.001" classname="ru.crystals.test2.TableReportTest" name="printTestName">
    <skipped/>
  </testcase>
  <testcase time="0" classname="ru.crystals.test2.TableReportTest" name="testAdverstingHTMLReportTableHead">
    <skipped/>
  </testcase>
  <testcase time="0" classname="ru.crystals.test2.TableReportTest" name="printTestName">
    <skipped/>
  </testcase>
  <testcase time="0" classname="ru.crystals.test2.TableReportTest" name="testAdverstingHTMLReportTableHead">
    <skipped/>
  </testcase>
  <testcase time="0.001" classname="ru.crystals.test2.TableReportTest" name="printTestName">
    <skipped/>
  </testcase>
  <testcase time="0" classname="ru.crystals.test2.TableReportTest" name="testAdverstingHTMLReportTableHead">
    <skipped/>
  </testcase>
  <testcase time="0.001" classname="ru.crystals.test2.TableReportTest" name="printTestName">
    <skipped/>
  </testcase>
  <testcase time="0" classname="ru.crystals.test2.TableReportTest" name="testEmptyAdverstingHTMLReport">
    <skipped/>
  </testcase>
  <testcase time="0.002" classname="ru.crystals.test2.TableReportTest" name="printTestName">
    <skipped/>
  </testcase>
  <testcase time="0" classname="ru.crystals.test2.TableReportTest" name="testGoodInReport">
    <skipped/>
  </testcase>
  <testcase time="0.001" classname="ru.crystals.test2.TableReportTest" name="printTestName">
    <skipped/>
  </testcase>
  <testcase time="0" classname="ru.crystals.test2.TableReportTest" name="testWithEmptyShop">
    <skipped/>
  </testcase>
  <testcase time="0" classname="ru.crystals.test2.TableReportTest" name="close">
    <skipped/>
  </testcase>
</testsuite>