<?xml version="1.0" encoding="UTF-8"?>
<!-- Generated by org.testng.reporters.JUnitReportReporter -->
<testsuite hostname="CS-PRG-WS171164" name="ru.crystals.disinsector2.test.configuration.ConfigureShopTest" tests="2" failures="0" timestamp="8 Jul 2014 16:07:56 GMT" time="21.221" errors="0">
  <testcase name="addRegionAndCity" time="15.633" classname="ru.crystals.disinsector2.test.configuration.ConfigureShopTest"/>
  <testcase name="addShop" time="5.588" classname="ru.crystals.disinsector2.test.configuration.ConfigureShopTest"/>
</testsuite> <!-- ru.crystals.disinsector2.test.configuration.ConfigureShopTest -->
