<?xml version="1.0" encoding="UTF-8"?>
<!-- Generated by org.testng.reporters.JUnitReportReporter -->
<testsuite hostname="CS-PRG-WS171164" name="ru.crystals.test2.configuration.ConfigAdminRolesTest" tests="1" failures="0" timestamp="7 Jul 2014 08:31:39 GMT" time="12.143" errors="0">
  <testcase name="test" time="12.143" classname="ru.crystals.test2.configuration.ConfigAdminRolesTest"/>
</testsuite> <!-- ru.crystals.test2.configuration.ConfigAdminRolesTest -->
