<?xml version="1.0" encoding="UTF-8"?>
<!-- Generated by org.testng.reporters.JUnitReportReporter -->
<testsuite hostname="CS-PRG-WS171164" name="ru.crystals.test2.LoginTets" tests="1" failures="0" timestamp="9 Jun 2014 15:22:21 GMT" time="51.124" errors="0">
  <testcase name="loginTest" time="51.124" classname="ru.crystals.test2.LoginTets"/>
</testsuite> <!-- ru.crystals.test2.LoginTets -->
