<?xml version="1.0" encoding="UTF-8"?>
<!-- Generated by org.testng.reporters.JUnitReportReporter -->
<testsuite hostname="CS-PRG-WS171164" name="ru.crystals.disinsector2.test.configuration.ConfigureEnvTest" tests="1" failures="1" timestamp="18 Jul 2014 14:06:25 GMT" time="14.743" errors="0">
  <testcase name="setUpUserPrevileges" time="14.743" classname="ru.crystals.disinsector2.test.configuration.ConfigureEnvTest">
    <failure type="ru.crystals.set10.amfcall.AMFServerConnectorException" message="addRolesToUser">
      <![CDATA[ru.crystals.set10.amfcall.AMFServerConnectorException: addRolesToUser
	at ru.crystals.set10.amfcall.AMFRequester.call(AMFRequester.java:38)
	at ru.crystals.disinsector2.test.configuration.ConfigureEnvTest.setUpUserPrevileges(ConfigureEnvTest.java:35)
	at sun.reflect.NativeMethodAccessorImpl.invoke0(Native Method)
	at sun.reflect.NativeMethodAccessorImpl.invoke(NativeMethodAccessorImpl.java:57)
	at sun.reflect.DelegatingMethodAccessorImpl.invoke(DelegatingMethodAccessorImpl.java:43)
	at java.lang.reflect.Method.invoke(Method.java:601)
	at org.testng.internal.MethodInvocationHelper.invokeMethod(MethodInvocationHelper.java:80)
	at org.testng.internal.Invoker.invokeMethod(Invoker.java:714)
	at org.testng.internal.Invoker.invokeTestMethod(Invoker.java:901)
	at org.testng.internal.Invoker.invokeTestMethods(Invoker.java:1231)
	at org.testng.internal.TestMethodWorker.invokeTestMethods(TestMethodWorker.java:128)
	at org.testng.internal.TestMethodWorker.run(TestMethodWorker.java:111)
	at org.testng.TestRunner.privateRun(TestRunner.java:767)
	at org.testng.TestRunner.run(TestRunner.java:617)
	at org.testng.SuiteRunner.runTest(SuiteRunner.java:334)
	at org.testng.SuiteRunner.runSequentially(SuiteRunner.java:329)
	at org.testng.SuiteRunner.privateRun(SuiteRunner.java:291)
	at org.testng.SuiteRunner.run(SuiteRunner.java:240)
	at org.testng.SuiteRunnerWorker.runSuite(SuiteRunnerWorker.java:52)
	at org.testng.SuiteRunnerWorker.run(SuiteRunnerWorker.java:86)
	at org.testng.TestNG.runSuitesSequentially(TestNG.java:1203)
	at org.testng.TestNG.runSuitesLocally(TestNG.java:1128)
	at org.testng.TestNG.run(TestNG.java:1036)
	at org.testng.remote.RemoteTestNG.run(RemoteTestNG.java:111)
	at org.testng.remote.RemoteTestNG.initAndRun(RemoteTestNG.java:204)
	at org.testng.remote.RemoteTestNG.main(RemoteTestNG.java:175)
Caused by: ServerStatusException 
	data: ASObject(740404266){message=Cannot invoke method 'addRolesToUser'., rootCause=null, details=1 arguments were sent but 3 were expected., code=Server.ResourceUnavailable}
	HttpResponseInfo: HttpResponseInfo 
	code: 200
	message: OK
	at flex.messaging.io.amf.client.AMFConnection.processAmfBody(AMFConnection.java:665)
	at flex.messaging.io.amf.client.AMFConnection.processAmfPacket(AMFConnection.java:629)
	at flex.messaging.io.amf.client.AMFConnection.processHttpResponseBody(AMFConnection.java:601)
	at flex.messaging.io.amf.client.AMFConnection.processHttpResponse(AMFConnection.java:584)
	at flex.messaging.io.amf.client.AMFConnection.send(AMFConnection.java:685)
	at flex.messaging.io.amf.client.AMFConnection.call(AMFConnection.java:450)
	at ru.crystals.set10.amfcall.AMFRequester.call(AMFRequester.java:35)
	... 25 more
]]>
    </failure>
  </testcase> <!-- setUpUserPrevileges -->
</testsuite> <!-- ru.crystals.disinsector2.test.configuration.ConfigureEnvTest -->
