<?xml version="1.0" encoding="UTF-8"?>
<!-- Generated by org.testng.reporters.JUnitReportReporter -->
<testsuite hostname="CS-PRG-WS171164" name="ru.crystals.test2.SpiritRestrictionsToSAPTest" tests="1" failures="0" timestamp="7 Jul 2014 15:24:53 GMT" time="5.733" errors="0">
  <testcase name="test" time="5.733" classname="ru.crystals.test2.SpiritRestrictionsToSAPTest"/>
</testsuite> <!-- ru.crystals.test2.SpiritRestrictionsToSAPTest -->
