<?xml version="1.0" encoding="UTF-8"?>
<!-- Generated by org.testng.reporters.JUnitReportReporter -->
<testsuite hostname="CS-PRG-WS171164" name="ru.crystals.test2.LoginTest" tests="1" failures="0" timestamp="17 Jun 2014 14:50:04 GMT" time="12.404" errors="0">
  <testcase name="loginTest" time="12.404" classname="ru.crystals.test2.LoginTest"/>
</testsuite> <!-- ru.crystals.test2.LoginTest -->
